time:2016-5-16 09:29:44.012 [main]   level:INFO    logger:com.park.spring.skeleton.front.config.Application.logStarting(48)  message:Starting Application on idea2013-11 with PID 7908 (C:\Users\park\git\spring-gradle-querydsl-skeleton\sgqs_front\bin started by park in C:\Users\park\git\spring-gradle-querydsl-skeleton\sgqs_front)
time:2016-5-16 09:29:44.043 [main]   level:INFO    logger:com.park.spring.skeleton.front.config.Application.logStartupProfileInfo(666)  message:No active profile set, falling back to default profiles: default
time:2016-5-16 09:29:44.293 [main]   level:INFO    logger:org.springframework.boot.context.embedded.AnnotationConfigEmbeddedWebApplicationContext.prepareRefresh(578)  message:Refreshing org.springframework.boot.context.embedded.AnnotationConfigEmbeddedWebApplicationContext@3c419631: startup date [Mon May 16 09:29:44 JST 2016]; root of context hierarchy
time:2016-5-16 09:29:44.293 [main]   level:INFO    logger:org.springframework.boot.context.embedded.AnnotationConfigEmbeddedWebApplicationContext.prepareRefresh(578)  message:Refreshing org.springframework.boot.context.embedded.AnnotationConfigEmbeddedWebApplicationContext@3c419631: startup date [Mon May 16 09:29:44 JST 2016]; root of context hierarchy
time:2016-5-16 09:29:44.427 [background-preinit]   level:INFO    logger:org.hibernate.validator.internal.util.Version.<clinit>(30)  message:HV000001: Hibernate Validator 5.2.4.Final
time:2016-5-16 09:29:45.302 [main]   level:INFO    logger:org.springframework.beans.factory.support.DefaultListableBeanFactory.?(?)  message:Overriding bean definition for bean 'handlerExceptionResolver' with a different definition: replacing [Root bean: class [null]; scope=; abstract=false; lazyInit=false; autowireMode=3; dependencyCheck=0; autowireCandidate=true; primary=false; factoryBeanName=org.springframework.web.servlet.config.annotation.DelegatingWebMvcConfiguration; factoryMethodName=handlerExceptionResolver; initMethodName=null; destroyMethodName=(inferred); defined in class path resource [org/springframework/web/servlet/config/annotation/DelegatingWebMvcConfiguration.class]] with [Root bean: class [null]; scope=; abstract=false; lazyInit=false; autowireMode=3; dependencyCheck=0; autowireCandidate=true; primary=false; factoryBeanName=webMvcConfig; factoryMethodName=handlerExceptionResolver; initMethodName=null; destroyMethodName=(inferred); defined in class path resource [com/park/spring/skeleton/front/config/WebMvcConfig.class]]
time:2016-5-16 09:29:45.302 [main]   level:INFO    logger:org.springframework.beans.factory.support.DefaultListableBeanFactory.registerBeanDefinition(839)  message:Overriding bean definition for bean 'handlerExceptionResolver' with a different definition: replacing [Root bean: class [null]; scope=; abstract=false; lazyInit=false; autowireMode=3; dependencyCheck=0; autowireCandidate=true; primary=false; factoryBeanName=org.springframework.web.servlet.config.annotation.DelegatingWebMvcConfiguration; factoryMethodName=handlerExceptionResolver; initMethodName=null; destroyMethodName=(inferred); defined in class path resource [org/springframework/web/servlet/config/annotation/DelegatingWebMvcConfiguration.class]] with [Root bean: class [null]; scope=; abstract=false; lazyInit=false; autowireMode=3; dependencyCheck=0; autowireCandidate=true; primary=false; factoryBeanName=webMvcConfig; factoryMethodName=handlerExceptionResolver; initMethodName=null; destroyMethodName=(inferred); defined in class path resource [com/park/spring/skeleton/front/config/WebMvcConfig.class]]
time:2016-5-16 09:29:45.750 [main]   level:INFO    logger:org.springframework.beans.factory.annotation.AutowiredAnnotationBeanPostProcessor.?(?)  message:JSR-330 'javax.inject.Inject' annotation found and supported for autowiring
time:2016-5-16 09:29:45.750 [main]   level:INFO    logger:org.springframework.beans.factory.annotation.AutowiredAnnotationBeanPostProcessor.?(?)  message:JSR-330 'javax.inject.Inject' annotation found and supported for autowiring
time:2016-5-16 09:29:45.782 [main]   level:INFO    logger:org.springframework.context.support.PostProcessorRegistrationDelegate$BeanPostProcessorChecker.?(?)  message:Bean 'jpaConfiguration' of type [class com.park.spring.skeleton.front.config.JpaConfiguration$$EnhancerBySpringCGLIB$$cc97ff16] is not eligible for getting processed by all BeanPostProcessors (for example: not eligible for auto-proxying)
time:2016-5-16 09:29:45.782 [main]   level:INFO    logger:org.springframework.context.support.PostProcessorRegistrationDelegate$BeanPostProcessorChecker.postProcessAfterInitialization(328)  message:Bean 'jpaConfiguration' of type [class com.park.spring.skeleton.front.config.JpaConfiguration$$EnhancerBySpringCGLIB$$cc97ff16] is not eligible for getting processed by all BeanPostProcessors (for example: not eligible for auto-proxying)
time:2016-5-16 09:29:45.891 [main]   level:INFO    logger:org.springframework.context.support.PostProcessorRegistrationDelegate$BeanPostProcessorChecker.?(?)  message:Bean 'org.springframework.security.config.annotation.configuration.ObjectPostProcessorConfiguration' of type [class org.springframework.security.config.annotation.configuration.ObjectPostProcessorConfiguration$$EnhancerBySpringCGLIB$$640a8080] is not eligible for getting processed by all BeanPostProcessors (for example: not eligible for auto-proxying)
time:2016-5-16 09:29:45.891 [main]   level:INFO    logger:org.springframework.context.support.PostProcessorRegistrationDelegate$BeanPostProcessorChecker.postProcessAfterInitialization(328)  message:Bean 'org.springframework.security.config.annotation.configuration.ObjectPostProcessorConfiguration' of type [class org.springframework.security.config.annotation.configuration.ObjectPostProcessorConfiguration$$EnhancerBySpringCGLIB$$640a8080] is not eligible for getting processed by all BeanPostProcessors (for example: not eligible for auto-proxying)
time:2016-5-16 09:29:46.016 [main]   level:INFO    logger:org.springframework.context.support.PostProcessorRegistrationDelegate$BeanPostProcessorChecker.?(?)  message:Bean 'objectPostProcessor' of type [class org.springframework.security.config.annotation.configuration.AutowireBeanFactoryObjectPostProcessor] is not eligible for getting processed by all BeanPostProcessors (for example: not eligible for auto-proxying)
time:2016-5-16 09:29:46.016 [main]   level:INFO    logger:org.springframework.context.support.PostProcessorRegistrationDelegate$BeanPostProcessorChecker.postProcessAfterInitialization(328)  message:Bean 'objectPostProcessor' of type [class org.springframework.security.config.annotation.configuration.AutowireBeanFactoryObjectPostProcessor] is not eligible for getting processed by all BeanPostProcessors (for example: not eligible for auto-proxying)
time:2016-5-16 09:29:46.016 [main]   level:INFO    logger:org.springframework.context.support.PostProcessorRegistrationDelegate$BeanPostProcessorChecker.?(?)  message:Bean 'org.springframework.security.access.expression.method.DefaultMethodSecurityExpressionHandler@622fdb81' of type [class org.springframework.security.access.expression.method.DefaultMethodSecurityExpressionHandler] is not eligible for getting processed by all BeanPostProcessors (for example: not eligible for auto-proxying)
time:2016-5-16 09:29:46.016 [main]   level:INFO    logger:org.springframework.context.support.PostProcessorRegistrationDelegate$BeanPostProcessorChecker.postProcessAfterInitialization(328)  message:Bean 'org.springframework.security.access.expression.method.DefaultMethodSecurityExpressionHandler@622fdb81' of type [class org.springframework.security.access.expression.method.DefaultMethodSecurityExpressionHandler] is not eligible for getting processed by all BeanPostProcessors (for example: not eligible for auto-proxying)
time:2016-5-16 09:29:46.016 [main]   level:INFO    logger:org.springframework.context.support.PostProcessorRegistrationDelegate$BeanPostProcessorChecker.?(?)  message:Bean 'org.springframework.security.config.annotation.method.configuration.GlobalMethodSecurityConfiguration' of type [class org.springframework.security.config.annotation.method.configuration.GlobalMethodSecurityConfiguration$$EnhancerBySpringCGLIB$$88df2332] is not eligible for getting processed by all BeanPostProcessors (for example: not eligible for auto-proxying)
time:2016-5-16 09:29:46.016 [main]   level:INFO    logger:org.springframework.context.support.PostProcessorRegistrationDelegate$BeanPostProcessorChecker.?(?)  message:Bean 'org.springframework.security.config.annotation.method.configuration.GlobalMethodSecurityConfiguration' of type [class org.springframework.security.config.annotation.method.configuration.GlobalMethodSecurityConfiguration$$EnhancerBySpringCGLIB$$88df2332] is not eligible for getting processed by all BeanPostProcessors (for example: not eligible for auto-proxying)
time:2016-5-16 09:29:46.047 [main]   level:INFO    logger:org.springframework.context.support.PostProcessorRegistrationDelegate$BeanPostProcessorChecker.?(?)  message:Bean 'methodSecurityMetadataSource' of type [class org.springframework.security.access.method.DelegatingMethodSecurityMetadataSource] is not eligible for getting processed by all BeanPostProcessors (for example: not eligible for auto-proxying)
time:2016-5-16 09:29:46.047 [main]   level:INFO    logger:org.springframework.context.support.PostProcessorRegistrationDelegate$BeanPostProcessorChecker.postProcessAfterInitialization(328)  message:Bean 'methodSecurityMetadataSource' of type [class org.springframework.security.access.method.DelegatingMethodSecurityMetadataSource] is not eligible for getting processed by all BeanPostProcessors (for example: not eligible for auto-proxying)
time:2016-5-16 09:29:46.047 [main]   level:INFO    logger:org.springframework.context.support.PostProcessorRegistrationDelegate$BeanPostProcessorChecker.?(?)  message:Bean 'org.springframework.transaction.annotation.ProxyTransactionManagementConfiguration' of type [class org.springframework.transaction.annotation.ProxyTransactionManagementConfiguration$$EnhancerBySpringCGLIB$$cb5cb846] is not eligible for getting processed by all BeanPostProcessors (for example: not eligible for auto-proxying)
time:2016-5-16 09:29:46.047 [main]   level:INFO    logger:org.springframework.context.support.PostProcessorRegistrationDelegate$BeanPostProcessorChecker.postProcessAfterInitialization(328)  message:Bean 'org.springframework.transaction.annotation.ProxyTransactionManagementConfiguration' of type [class org.springframework.transaction.annotation.ProxyTransactionManagementConfiguration$$EnhancerBySpringCGLIB$$cb5cb846] is not eligible for getting processed by all BeanPostProcessors (for example: not eligible for auto-proxying)
time:2016-5-16 09:29:46.532 [main]   level:INFO    logger:org.springframework.boot.context.embedded.tomcat.TomcatEmbeddedServletContainer.?(?)  message:Tomcat initialized with port(s): 8080 (http)
time:2016-5-16 09:29:46.532 [main]   level:INFO    logger:org.springframework.boot.context.embedded.tomcat.TomcatEmbeddedServletContainer.?(?)  message:Tomcat initialized with port(s): 8080 (http)
time:2016-5-16 09:29:46.546 [main]   level:INFO    logger:org.apache.catalina.core.StandardService.log(180)  message:Starting service Tomcat
time:2016-5-16 09:29:46.562 [main]   level:INFO    logger:org.apache.catalina.core.StandardEngine.log(180)  message:Starting Servlet Engine: Apache Tomcat/8.0.33
time:2016-5-16 09:29:46.671 [localhost-startStop-1]   level:INFO    logger:org.apache.catalina.core.ContainerBase.[Tomcat].[localhost].[/].log(180)  message:Initializing Spring embedded WebApplicationContext
time:2016-5-16 09:29:46.671 [localhost-startStop-1]   level:INFO    logger:org.springframework.web.context.ContextLoader.?(?)  message:Root WebApplicationContext: initialization completed in 2378 ms
time:2016-5-16 09:29:46.671 [localhost-startStop-1]   level:INFO    logger:org.springframework.web.context.ContextLoader.?(?)  message:Root WebApplicationContext: initialization completed in 2378 ms
time:2016-5-16 09:29:46.843 [localhost-startStop-1]   level:INFO    logger:org.springframework.boot.context.embedded.FilterRegistrationBean.?(?)  message:Mapping filter: 'characterEncodingFilter' to: [/*]
time:2016-5-16 09:29:46.843 [localhost-startStop-1]   level:INFO    logger:org.springframework.boot.context.embedded.FilterRegistrationBean.configure(258)  message:Mapping filter: 'characterEncodingFilter' to: [/*]
time:2016-5-16 09:29:46.843 [localhost-startStop-1]   level:INFO    logger:org.springframework.boot.context.embedded.DelegatingFilterProxyRegistrationBean.?(?)  message:Mapping filter: 'springSecurityFilterChain' to: [/*]
time:2016-5-16 09:29:46.843 [localhost-startStop-1]   level:INFO    logger:org.springframework.boot.context.embedded.DelegatingFilterProxyRegistrationBean.?(?)  message:Mapping filter: 'springSecurityFilterChain' to: [/*]
time:2016-5-16 09:29:46.843 [localhost-startStop-1]   level:INFO    logger:org.springframework.boot.context.embedded.FilterRegistrationBean.?(?)  message:Filter characterEncodingFilter was not registered (possibly already registered?)
time:2016-5-16 09:29:46.843 [localhost-startStop-1]   level:INFO    logger:org.springframework.boot.context.embedded.FilterRegistrationBean.?(?)  message:Filter characterEncodingFilter was not registered (possibly already registered?)
time:2016-5-16 09:29:46.843 [localhost-startStop-1]   level:INFO    logger:org.springframework.boot.context.embedded.ServletRegistrationBean.?(?)  message:Mapping servlet: 'dispatcherServlet' to [/]
time:2016-5-16 09:29:46.843 [localhost-startStop-1]   level:INFO    logger:org.springframework.boot.context.embedded.ServletRegistrationBean.?(?)  message:Mapping servlet: 'dispatcherServlet' to [/]
time:2016-5-16 09:29:47.140 [localhost-startStop-1]   level:INFO    logger:com.zaxxer.hikari.HikariDataSource.<init>(70)  message:HikariPool-1 - Started.
time:2016-5-16 09:29:47.515 [localhost-startStop-1]   level:INFO    logger:com.zaxxer.hikari.HikariDataSource.<init>(70)  message:HikariPool-2 - Started.
time:2016-5-16 09:29:47.530 [localhost-startStop-1]   level:INFO    logger:com.zaxxer.hikari.HikariDataSource.<init>(70)  message:HikariPool-3 - Started.
time:2016-5-16 09:29:47.687 [localhost-startStop-1]   level:INFO    logger:org.springframework.orm.jpa.LocalContainerEntityManagerFactoryBean.?(?)  message:Building JPA container EntityManagerFactory for persistence unit 'default'
time:2016-5-16 09:29:47.687 [localhost-startStop-1]   level:INFO    logger:org.springframework.orm.jpa.LocalContainerEntityManagerFactoryBean.?(?)  message:Building JPA container EntityManagerFactory for persistence unit 'default'
time:2016-5-16 09:29:47.690 [localhost-startStop-1]   level:INFO    logger:org.hibernate.jpa.internal.util.LogHelper.logPersistenceUnitInformation(46)  message:HHH000204: Processing PersistenceUnitInfo [
	name: default
	...]
time:2016-5-16 09:29:47.768 [localhost-startStop-1]   level:INFO    logger:org.hibernate.Version.logVersion(54)  message:HHH000412: Hibernate Core {4.3.11.Final}
time:2016-5-16 09:29:47.768 [localhost-startStop-1]   level:INFO    logger:org.hibernate.cfg.Environment.<clinit>(239)  message:HHH000206: hibernate.properties not found
time:2016-5-16 09:29:47.768 [localhost-startStop-1]   level:INFO    logger:org.hibernate.cfg.Environment.buildBytecodeProvider(346)  message:HHH000021: Bytecode provider name : javassist
time:2016-5-16 09:29:49.144 [localhost-startStop-1]   level:INFO    logger:org.hibernate.annotations.common.Version.<clinit>(66)  message:HCANN000001: Hibernate Commons Annotations {4.0.5.Final}
time:2016-5-16 09:29:49.315 [localhost-startStop-1]   level:INFO    logger:org.hibernate.dialect.Dialect.<init>(145)  message:HHH000400: Using dialect: org.hibernate.dialect.MySQL5Dialect
time:2016-5-16 09:29:49.499 [localhost-startStop-1]   level:INFO    logger:org.hibernate.hql.internal.ast.ASTQueryTranslatorFactory.<init>(47)  message:HHH000397: Using ASTQueryTranslatorFactory
time:2016-5-16 09:29:50.638 [localhost-startStop-1]   level:INFO    logger:org.springframework.security.web.DefaultSecurityFilterChain.?(?)  message:Creating filter chain: Ant [pattern='/css/**'], []
time:2016-5-16 09:29:50.638 [localhost-startStop-1]   level:INFO    logger:org.springframework.security.web.DefaultSecurityFilterChain.?(?)  message:Creating filter chain: Ant [pattern='/css/**'], []
time:2016-5-16 09:29:50.639 [localhost-startStop-1]   level:INFO    logger:org.springframework.security.web.DefaultSecurityFilterChain.<init>(28)  message:Creating filter chain: Ant [pattern='/js/**'], []
time:2016-5-16 09:29:50.639 [localhost-startStop-1]   level:INFO    logger:org.springframework.security.web.DefaultSecurityFilterChain.<init>(28)  message:Creating filter chain: Ant [pattern='/images/**'], []
time:2016-5-16 09:29:50.640 [localhost-startStop-1]   level:INFO    logger:org.springframework.security.web.DefaultSecurityFilterChain.<init>(28)  message:Creating filter chain: Ant [pattern='/**/favicon.ico'], []
time:2016-5-16 09:29:50.640 [localhost-startStop-1]   level:INFO    logger:org.springframework.security.web.DefaultSecurityFilterChain.<init>(28)  message:Creating filter chain: Ant [pattern='/error'], []
time:2016-5-16 09:29:50.639 [localhost-startStop-1]   level:INFO    logger:org.springframework.security.web.DefaultSecurityFilterChain.<init>(28)  message:Creating filter chain: Ant [pattern='/js/**'], []
time:2016-5-16 09:29:50.639 [localhost-startStop-1]   level:INFO    logger:org.springframework.security.web.DefaultSecurityFilterChain.<init>(28)  message:Creating filter chain: Ant [pattern='/images/**'], []
time:2016-5-16 09:29:50.640 [localhost-startStop-1]   level:INFO    logger:org.springframework.security.web.DefaultSecurityFilterChain.<init>(28)  message:Creating filter chain: Ant [pattern='/**/favicon.ico'], []
time:2016-5-16 09:29:50.640 [localhost-startStop-1]   level:INFO    logger:org.springframework.security.web.DefaultSecurityFilterChain.<init>(28)  message:Creating filter chain: Ant [pattern='/error'], []
time:2016-5-16 09:29:50.738 [localhost-startStop-1]   level:INFO    logger:org.springframework.security.web.DefaultSecurityFilterChain.?(?)  message:Creating filter chain: org.springframework.security.web.util.matcher.AnyRequestMatcher@1, [org.springframework.security.web.context.request.async.WebAsyncManagerIntegrationFilter@20d90a8f, org.springframework.security.web.context.SecurityContextPersistenceFilter@1f230780, org.springframework.security.web.header.HeaderWriterFilter@3659c0b1, org.springframework.security.web.csrf.CsrfFilter@3f983f78, org.springframework.security.web.authentication.logout.LogoutFilter@1be891f2, org.springframework.security.web.authentication.UsernamePasswordAuthenticationFilter@f777d41, org.springframework.security.web.savedrequest.RequestCacheAwareFilter@4bedf33f, org.springframework.security.web.servletapi.SecurityContextHolderAwareRequestFilter@45b3bb0, org.springframework.security.web.authentication.AnonymousAuthenticationFilter@35709c6e, org.springframework.security.web.session.SessionManagementFilter@69cca7b8, org.springframework.security.web.access.ExceptionTranslationFilter@63acc8ef, org.springframework.security.web.access.intercept.FilterSecurityInterceptor@2b208c8d]
time:2016-5-16 09:29:50.738 [localhost-startStop-1]   level:INFO    logger:org.springframework.security.web.DefaultSecurityFilterChain.<init>(28)  message:Creating filter chain: org.springframework.security.web.util.matcher.AnyRequestMatcher@1, [org.springframework.security.web.context.request.async.WebAsyncManagerIntegrationFilter@20d90a8f, org.springframework.security.web.context.SecurityContextPersistenceFilter@1f230780, org.springframework.security.web.header.HeaderWriterFilter@3659c0b1, org.springframework.security.web.csrf.CsrfFilter@3f983f78, org.springframework.security.web.authentication.logout.LogoutFilter@1be891f2, org.springframework.security.web.authentication.UsernamePasswordAuthenticationFilter@f777d41, org.springframework.security.web.savedrequest.RequestCacheAwareFilter@4bedf33f, org.springframework.security.web.servletapi.SecurityContextHolderAwareRequestFilter@45b3bb0, org.springframework.security.web.authentication.AnonymousAuthenticationFilter@35709c6e, org.springframework.security.web.session.SessionManagementFilter@69cca7b8, org.springframework.security.web.access.ExceptionTranslationFilter@63acc8ef, org.springframework.security.web.access.intercept.FilterSecurityInterceptor@2b208c8d]
time:2016-5-16 09:29:50.754 [localhost-startStop-1]   level:INFO    logger:org.springframework.security.web.DefaultSecurityFilterChain.?(?)  message:Creating filter chain: OrRequestMatcher [requestMatchers=[Ant [pattern='/**']]], [org.springframework.security.web.context.request.async.WebAsyncManagerIntegrationFilter@123c1582, org.springframework.security.web.context.SecurityContextPersistenceFilter@7af1ed19, org.springframework.security.web.header.HeaderWriterFilter@396ec3b8, org.springframework.security.web.authentication.logout.LogoutFilter@7bdd52e5, org.springframework.security.web.authentication.www.BasicAuthenticationFilter@eb1e1a2, org.springframework.security.web.savedrequest.RequestCacheAwareFilter@47f530a5, org.springframework.security.web.servletapi.SecurityContextHolderAwareRequestFilter@8c958e0, org.springframework.security.web.authentication.AnonymousAuthenticationFilter@66c5c42c, org.springframework.security.web.session.SessionManagementFilter@7400fce0, org.springframework.security.web.access.ExceptionTranslationFilter@14a52389, org.springframework.security.web.access.intercept.FilterSecurityInterceptor@2ef012ca]
time:2016-5-16 09:29:50.754 [localhost-startStop-1]   level:INFO    logger:org.springframework.security.web.DefaultSecurityFilterChain.<init>(28)  message:Creating filter chain: OrRequestMatcher [requestMatchers=[Ant [pattern='/**']]], [org.springframework.security.web.context.request.async.WebAsyncManagerIntegrationFilter@123c1582, org.springframework.security.web.context.SecurityContextPersistenceFilter@7af1ed19, org.springframework.security.web.header.HeaderWriterFilter@396ec3b8, org.springframework.security.web.authentication.logout.LogoutFilter@7bdd52e5, org.springframework.security.web.authentication.www.BasicAuthenticationFilter@eb1e1a2, org.springframework.security.web.savedrequest.RequestCacheAwareFilter@47f530a5, org.springframework.security.web.servletapi.SecurityContextHolderAwareRequestFilter@8c958e0, org.springframework.security.web.authentication.AnonymousAuthenticationFilter@66c5c42c, org.springframework.security.web.session.SessionManagementFilter@7400fce0, org.springframework.security.web.access.ExceptionTranslationFilter@14a52389, org.springframework.security.web.access.intercept.FilterSecurityInterceptor@2ef012ca]
time:2016-5-16 09:29:51.004 [main]   level:INFO    logger:com.park.spring.skeleton.base.common.MstMasterCode.init(111)  message:#### MasterCodeComponent initializing ####
time:2016-5-16 09:29:51.937 [main]   level:INFO    logger:org.springframework.web.servlet.mvc.method.annotation.RequestMappingHandlerMapping.?(?)  message:Mapped "{[/mypage/],methods=[GET]}" onto public java.lang.String com.park.spring.skeleton.front.web.controller.MypageController.index(org.springframework.ui.Model)
time:2016-5-16 09:29:51.937 [main]   level:INFO    logger:org.springframework.web.servlet.mvc.method.annotation.RequestMappingHandlerMapping.register(534)  message:Mapped "{[/mypage/],methods=[GET]}" onto public java.lang.String com.park.spring.skeleton.front.web.controller.MypageController.index(org.springframework.ui.Model)
time:2016-5-16 09:29:51.950 [main]   level:INFO    logger:org.springframework.web.servlet.mvc.method.annotation.RequestMappingHandlerMapping.?(?)  message:Mapped "{[/mypage-normal/],methods=[GET]}" onto public java.lang.String com.park.spring.skeleton.front.web.controller.MypageNormalController.list(org.springframework.ui.Model,org.springframework.data.domain.Pageable,short[],java.lang.String,java.lang.String)
time:2016-5-16 09:29:51.950 [main]   level:INFO    logger:org.springframework.web.servlet.mvc.method.annotation.RequestMappingHandlerMapping.register(534)  message:Mapped "{[/mypage-normal/],methods=[GET]}" onto public java.lang.String com.park.spring.skeleton.front.web.controller.MypageNormalController.list(org.springframework.ui.Model,org.springframework.data.domain.Pageable,short[],java.lang.String,java.lang.String)
time:2016-5-16 09:29:51.951 [main]   level:INFO    logger:org.springframework.web.servlet.mvc.method.annotation.RequestMappingHandlerMapping.?(?)  message:Mapped "{[/mypage-normal/detail-{frontMemberKey:\d+}.html],methods=[GET]}" onto public java.lang.String com.park.spring.skeleton.front.web.controller.MypageNormalController.detail(java.util.Locale,org.springframework.ui.Model,java.security.Principal,int)
time:2016-5-16 09:29:51.951 [main]   level:INFO    logger:org.springframework.web.servlet.mvc.method.annotation.RequestMappingHandlerMapping.?(?)  message:Mapped "{[/mypage-normal/detail-{frontMemberKey:\d+}.html],methods=[GET]}" onto public java.lang.String com.park.spring.skeleton.front.web.controller.MypageNormalController.detail(java.util.Locale,org.springframework.ui.Model,java.security.Principal,int)
time:2016-5-16 09:29:51.952 [main]   level:INFO    logger:org.springframework.web.servlet.mvc.method.annotation.RequestMappingHandlerMapping.?(?)  message:Mapped "{[/mypage-normal/memberEditAction.html],methods=[POST]}" onto public java.lang.String com.park.spring.skeleton.front.web.controller.MypageNormalController.memberEditAction(java.util.Locale,com.park.spring.skeleton.front.web.form.FrontMember,org.springframework.validation.BindingResult,org.springframework.ui.Model,java.security.Principal)
time:2016-5-16 09:29:51.952 [main]   level:INFO    logger:org.springframework.web.servlet.mvc.method.annotation.RequestMappingHandlerMapping.?(?)  message:Mapped "{[/mypage-normal/memberEditAction.html],methods=[POST]}" onto public java.lang.String com.park.spring.skeleton.front.web.controller.MypageNormalController.memberEditAction(java.util.Locale,com.park.spring.skeleton.front.web.form.FrontMember,org.springframework.validation.BindingResult,org.springframework.ui.Model,java.security.Principal)
time:2016-5-16 09:29:51.953 [main]   level:INFO    logger:org.springframework.web.servlet.mvc.method.annotation.RequestMappingHandlerMapping.?(?)  message:Mapped "{[/error]}" onto public org.springframework.http.ResponseEntity<java.util.Map<java.lang.String, java.lang.Object>> org.springframework.boot.autoconfigure.web.BasicErrorController.error(javax.servlet.http.HttpServletRequest)
time:2016-5-16 09:29:51.953 [main]   level:INFO    logger:org.springframework.web.servlet.mvc.method.annotation.RequestMappingHandlerMapping.register(534)  message:Mapped "{[/error]}" onto public org.springframework.http.ResponseEntity<java.util.Map<java.lang.String, java.lang.Object>> org.springframework.boot.autoconfigure.web.BasicErrorController.error(javax.servlet.http.HttpServletRequest)
time:2016-5-16 09:29:51.953 [main]   level:INFO    logger:org.springframework.web.servlet.mvc.method.annotation.RequestMappingHandlerMapping.?(?)  message:Mapped "{[/error],produces=[text/html]}" onto public org.springframework.web.servlet.ModelAndView org.springframework.boot.autoconfigure.web.BasicErrorController.errorHtml(javax.servlet.http.HttpServletRequest,javax.servlet.http.HttpServletResponse)
time:2016-5-16 09:29:51.953 [main]   level:INFO    logger:org.springframework.web.servlet.mvc.method.annotation.RequestMappingHandlerMapping.?(?)  message:Mapped "{[/error],produces=[text/html]}" onto public org.springframework.web.servlet.ModelAndView org.springframework.boot.autoconfigure.web.BasicErrorController.errorHtml(javax.servlet.http.HttpServletRequest,javax.servlet.http.HttpServletResponse)
time:2016-5-16 09:29:51.985 [main]   level:INFO    logger:org.springframework.web.servlet.handler.SimpleUrlHandlerMapping.?(?)  message:Root mapping to handler of type [class org.springframework.web.servlet.mvc.ParameterizableViewController]
time:2016-5-16 09:29:51.985 [main]   level:INFO    logger:org.springframework.web.servlet.handler.SimpleUrlHandlerMapping.registerHandler(328)  message:Root mapping to handler of type [class org.springframework.web.servlet.mvc.ParameterizableViewController]
time:2016-5-16 09:29:51.985 [main]   level:INFO    logger:org.springframework.web.servlet.handler.SimpleUrlHandlerMapping.?(?)  message:Mapped URL path [/error/error] onto handler of type [class org.springframework.web.servlet.mvc.ParameterizableViewController]
time:2016-5-16 09:29:51.985 [main]   level:INFO    logger:org.springframework.web.servlet.handler.SimpleUrlHandlerMapping.registerHandler(341)  message:Mapped URL path [/error/error] onto handler of type [class org.springframework.web.servlet.mvc.ParameterizableViewController]
time:2016-5-16 09:29:52.000 [main]   level:INFO    logger:org.springframework.web.servlet.handler.SimpleUrlHandlerMapping.?(?)  message:Mapped URL path [/css/**] onto handler of type [class org.springframework.web.servlet.resource.ResourceHttpRequestHandler]
time:2016-5-16 09:29:52.000 [main]   level:INFO    logger:org.springframework.web.servlet.handler.SimpleUrlHandlerMapping.?(?)  message:Mapped URL path [/css/**] onto handler of type [class org.springframework.web.servlet.resource.ResourceHttpRequestHandler]
time:2016-5-16 09:29:52.000 [main]   level:INFO    logger:org.springframework.web.servlet.handler.SimpleUrlHandlerMapping.?(?)  message:Mapped URL path [/font-awesome/**] onto handler of type [class org.springframework.web.servlet.resource.ResourceHttpRequestHandler]
time:2016-5-16 09:29:52.000 [main]   level:INFO    logger:org.springframework.web.servlet.handler.SimpleUrlHandlerMapping.?(?)  message:Mapped URL path [/font-awesome/**] onto handler of type [class org.springframework.web.servlet.resource.ResourceHttpRequestHandler]
time:2016-5-16 09:29:52.000 [main]   level:INFO    logger:org.springframework.web.servlet.handler.SimpleUrlHandlerMapping.?(?)  message:Mapped URL path [/fonts/**] onto handler of type [class org.springframework.web.servlet.resource.ResourceHttpRequestHandler]
time:2016-5-16 09:29:52.000 [main]   level:INFO    logger:org.springframework.web.servlet.handler.SimpleUrlHandlerMapping.registerHandler(341)  message:Mapped URL path [/fonts/**] onto handler of type [class org.springframework.web.servlet.resource.ResourceHttpRequestHandler]
time:2016-5-16 09:29:52.000 [main]   level:INFO    logger:org.springframework.web.servlet.handler.SimpleUrlHandlerMapping.?(?)  message:Mapped URL path [/js/**] onto handler of type [class org.springframework.web.servlet.resource.ResourceHttpRequestHandler]
time:2016-5-16 09:29:52.000 [main]   level:INFO    logger:org.springframework.web.servlet.handler.SimpleUrlHandlerMapping.?(?)  message:Mapped URL path [/js/**] onto handler of type [class org.springframework.web.servlet.resource.ResourceHttpRequestHandler]
time:2016-5-16 09:29:52.000 [main]   level:INFO    logger:org.springframework.web.servlet.handler.SimpleUrlHandlerMapping.?(?)  message:Mapped URL path [/img/**] onto handler of type [class org.springframework.web.servlet.resource.ResourceHttpRequestHandler]
time:2016-5-16 09:29:52.000 [main]   level:INFO    logger:org.springframework.web.servlet.handler.SimpleUrlHandlerMapping.registerHandler(341)  message:Mapped URL path [/img/**] onto handler of type [class org.springframework.web.servlet.resource.ResourceHttpRequestHandler]
time:2016-5-16 09:29:52.000 [main]   level:INFO    logger:org.springframework.web.servlet.handler.SimpleUrlHandlerMapping.?(?)  message:Mapped URL path [/pdf/**] onto handler of type [class org.springframework.web.servlet.resource.ResourceHttpRequestHandler]
time:2016-5-16 09:29:52.000 [main]   level:INFO    logger:org.springframework.web.servlet.handler.SimpleUrlHandlerMapping.registerHandler(341)  message:Mapped URL path [/pdf/**] onto handler of type [class org.springframework.web.servlet.resource.ResourceHttpRequestHandler]
time:2016-5-16 09:29:52.000 [main]   level:INFO    logger:org.springframework.web.servlet.handler.SimpleUrlHandlerMapping.?(?)  message:Mapped URL path [/uploads/**] onto handler of type [class org.springframework.web.servlet.resource.ResourceHttpRequestHandler]
time:2016-5-16 09:29:52.000 [main]   level:INFO    logger:org.springframework.web.servlet.handler.SimpleUrlHandlerMapping.registerHandler(341)  message:Mapped URL path [/uploads/**] onto handler of type [class org.springframework.web.servlet.resource.ResourceHttpRequestHandler]
time:2016-5-16 09:29:52.016 [main]   level:INFO    logger:org.springframework.web.servlet.handler.SimpleUrlHandlerMapping.?(?)  message:Mapped URL path [/**] onto handler of type [class org.springframework.web.servlet.resource.DefaultServletHttpRequestHandler]
time:2016-5-16 09:29:52.016 [main]   level:INFO    logger:org.springframework.web.servlet.handler.SimpleUrlHandlerMapping.registerHandler(341)  message:Mapped URL path [/**] onto handler of type [class org.springframework.web.servlet.resource.DefaultServletHttpRequestHandler]
time:2016-5-16 09:29:52.153 [main]   level:INFO    logger:org.springframework.web.servlet.mvc.method.annotation.RequestMappingHandlerAdapter.?(?)  message:Looking for @ControllerAdvice: org.springframework.boot.context.embedded.AnnotationConfigEmbeddedWebApplicationContext@3c419631: startup date [Mon May 16 09:29:44 JST 2016]; root of context hierarchy
time:2016-5-16 09:29:52.153 [main]   level:INFO    logger:org.springframework.web.servlet.mvc.method.annotation.RequestMappingHandlerAdapter.initControllerAdviceCache(539)  message:Looking for @ControllerAdvice: org.springframework.boot.context.embedded.AnnotationConfigEmbeddedWebApplicationContext@3c419631: startup date [Mon May 16 09:29:44 JST 2016]; root of context hierarchy
time:2016-5-16 09:29:53.554 [main]   level:INFO    logger:org.springframework.jmx.export.annotation.AnnotationMBeanExporter.?(?)  message:Registering beans for JMX exposure on startup
time:2016-5-16 09:29:53.554 [main]   level:INFO    logger:org.springframework.jmx.export.annotation.AnnotationMBeanExporter.afterSingletonsInstantiated(431)  message:Registering beans for JMX exposure on startup
time:2016-5-16 09:29:53.641 [main]   level:INFO    logger:org.apache.coyote.http11.Http11NioProtocol.log(180)  message:Initializing ProtocolHandler ["http-nio-8080"]
time:2016-5-16 09:29:53.672 [main]   level:INFO    logger:org.apache.coyote.http11.Http11NioProtocol.log(180)  message:Starting ProtocolHandler ["http-nio-8080"]
time:2016-5-16 09:29:53.744 [main]   level:INFO    logger:org.apache.tomcat.util.net.NioSelectorPool.log(180)  message:Using a shared selector for servlet write/read
time:2016-5-16 09:29:53.766 [main]   level:INFO    logger:org.springframework.boot.context.embedded.tomcat.TomcatEmbeddedServletContainer.?(?)  message:Tomcat started on port(s): 8080 (http)
time:2016-5-16 09:29:53.766 [main]   level:INFO    logger:org.springframework.boot.context.embedded.tomcat.TomcatEmbeddedServletContainer.?(?)  message:Tomcat started on port(s): 8080 (http)
time:2016-5-16 09:29:53.772 [main]   level:INFO    logger:com.park.spring.skeleton.front.config.Application.logStarted(57)  message:Started Application in 9.978 seconds (JVM running for 10.575)
time:2016-5-16 09:29:53.941 [http-nio-8080-exec-1]   level:INFO    logger:org.apache.catalina.core.ContainerBase.[Tomcat].[localhost].[/].log(180)  message:Initializing Spring FrameworkServlet 'dispatcherServlet'
time:2016-5-16 09:29:53.941 [http-nio-8080-exec-1]   level:INFO    logger:org.springframework.web.servlet.DispatcherServlet.?(?)  message:FrameworkServlet 'dispatcherServlet': initialization started
time:2016-5-16 09:29:53.941 [http-nio-8080-exec-1]   level:INFO    logger:org.springframework.web.servlet.DispatcherServlet.initServletBean(487)  message:FrameworkServlet 'dispatcherServlet': initialization started
time:2016-5-16 09:29:53.996 [http-nio-8080-exec-1]   level:INFO    logger:org.springframework.web.servlet.DispatcherServlet.?(?)  message:FrameworkServlet 'dispatcherServlet': initialization completed in 55 ms
time:2016-5-16 09:29:53.996 [http-nio-8080-exec-1]   level:INFO    logger:org.springframework.web.servlet.DispatcherServlet.initServletBean(506)  message:FrameworkServlet 'dispatcherServlet': initialization completed in 55 ms
time:2016-5-16 09:29:54.128 [http-nio-8080-exec-1]   level:INFO    logger:org.thymeleaf.TemplateEngine.initialize(825)  message:[THYMELEAF] INITIALIZING TEMPLATE ENGINE
time:2016-5-16 09:29:54.251 [http-nio-8080-exec-1]   level:INFO    logger:org.thymeleaf.templateresolver.AbstractTemplateResolver.initialize(99)  message:[THYMELEAF] INITIALIZING TEMPLATE RESOLVER: org.thymeleaf.templateresolver.ServletContextTemplateResolver
time:2016-5-16 09:29:54.252 [http-nio-8080-exec-1]   level:INFO    logger:org.thymeleaf.templateresolver.AbstractTemplateResolver.initialize(110)  message:[THYMELEAF] TEMPLATE RESOLVER INITIALIZED OK
time:2016-5-16 09:29:54.252 [http-nio-8080-exec-1]   level:INFO    logger:org.thymeleaf.templateresolver.AbstractTemplateResolver.initialize(99)  message:[THYMELEAF] INITIALIZING TEMPLATE RESOLVER: org.thymeleaf.templateresolver.TemplateResolver
time:2016-5-16 09:29:54.252 [http-nio-8080-exec-1]   level:INFO    logger:org.thymeleaf.templateresolver.AbstractTemplateResolver.initialize(110)  message:[THYMELEAF] TEMPLATE RESOLVER INITIALIZED OK
time:2016-5-16 09:29:54.252 [http-nio-8080-exec-1]   level:INFO    logger:org.thymeleaf.messageresolver.AbstractMessageResolver.initialize(72)  message:[THYMELEAF] INITIALIZING MESSAGE RESOLVER: org.thymeleaf.spring4.messageresolver.SpringMessageResolver
time:2016-5-16 09:29:54.253 [http-nio-8080-exec-1]   level:INFO    logger:org.thymeleaf.messageresolver.AbstractMessageResolver.initialize(78)  message:[THYMELEAF] MESSAGE RESOLVER INITIALIZED OK
time:2016-5-16 09:29:54.257 [http-nio-8080-exec-1]   level:INFO    logger:org.thymeleaf.TemplateEngine.CONFIG.printConfiguration(123)  message:[THYMELEAF] TEMPLATE ENGINE CONFIGURATION:
[THYMELEAF] * Cache Factory implementation: org.thymeleaf.cache.StandardCacheManager
[THYMELEAF] * Template modes:
[THYMELEAF]     * VALIDXML
[THYMELEAF]     * VALIDXHTML
[THYMELEAF]     * LEGACYHTML5
[THYMELEAF]     * XHTML
[THYMELEAF]     * HTML5
[THYMELEAF]     * XML
[THYMELEAF] * Template resolvers (in order):
[THYMELEAF]     * org.thymeleaf.templateresolver.TemplateResolver
[THYMELEAF]     * [1] org.thymeleaf.templateresolver.ServletContextTemplateResolver
[THYMELEAF] * Message resolvers (in order):
[THYMELEAF]     * org.thymeleaf.spring4.messageresolver.SpringMessageResolver
[THYMELEAF] * Dialect [1 of 3]: org.thymeleaf.spring4.dialect.SpringStandardDialect
[THYMELEAF]     * Prefix: "th"
[THYMELEAF] * Dialect [2 of 3]: org.thymeleaf.extras.conditionalcomments.dialect.ConditionalCommentsDialect
[THYMELEAF]     * Prefix: "condcom"
[THYMELEAF] * Dialect [3 of 3]: nz.net.ultraq.thymeleaf.LayoutDialect
[THYMELEAF]     * Prefix: "layout"
[THYMELEAF] TEMPLATE ENGINE CONFIGURED OK
time:2016-5-16 09:29:54.258 [http-nio-8080-exec-1]   level:INFO    logger:org.thymeleaf.TemplateEngine.initialize(838)  message:[THYMELEAF] TEMPLATE ENGINE INITIALIZED
time:2016-5-16 09:30:01.220 [http-nio-8080-exec-5]   level:INFO    logger:com.park.spring.skeleton.front.web.controller.MypageController.index(42)  message:index role:5001
